<?xml version="1.0" encoding="UTF-8"?>
<testng-results ignored="0" total="1" passed="1" failed="0" skipped="0">
  <reporter-output>
  </reporter-output>
  <suite started-at="2022-02-17T16:55:40 IST" name="Default suite" finished-at="2022-02-17T16:55:44 IST" duration-ms="4582">
    <groups>
    </groups>
    <test started-at="2022-02-17T16:55:40 IST" name="Default test" finished-at="2022-02-17T16:55:44 IST" duration-ms="4582">
      <class name="restAssuredScripts.Get">
        <test-method signature="test_01()[pri:0, instance:restAssuredScripts.Get@614ca7df]" started-at="2022-02-17T16:55:40 IST" name="test_01" finished-at="2022-02-17T16:55:44 IST" duration-ms="4496" status="PASS">
          <reporter-output>
          </reporter-output>
        </test-method> <!-- test_01 -->
      </class> <!-- restAssuredScripts.Get -->
    </test> <!-- Default test -->
  </suite> <!-- Default suite -->
</testng-results>
